
ff: parsing domain file
domain 'HOTEL-EXT4' defined
 ... done.
ff: parsing problem file
problem 'P01-EXT4' defined
 ... done.


translating negated cond for predicate DECIDED
translating negated cond for predicate WITHIN
translating negated cond for predicate USED

ff: search configuration is Enforced Hill-Climbing, then A*epsilon with weight 5.
Metric is ((1000000.00*[RF2](N-SKIPPED)1000.00*[RF1](N-USED)1.00*[RF0](WASTE)) - () + 0.00)
COST MINIMIZATION DONE (WITH cost-minimizing relaxed plans).

Cueing down from goal distance:    2 into depth [1]
                                   1            [1]
                                   0            

ff: found legal plan as follows
step    0: ASSIGN-ROOM-NEW R2 RM3
        1: ASSIGN-ROOM-NEW R1 RM2
plan cost: 2002.000000

time spent:    0.00 seconds instantiating 2 easy, 10 hard action templates
               0.00 seconds reachability analysis, yielding 49 facts and 12 actions
               0.00 seconds creating final representation with 34 relevant facts, 3 relevant fluents
               0.00 seconds computing LNF
               0.00 seconds building connectivity graph
               0.00 seconds searching, evaluating 3 states, to a max depth of 1
               0.00 seconds total time

