
ff: parsing domain file
domain 'HOTEL-EXT4' defined
 ... done.
ff: parsing problem file
problem 'AUTO-EXT4' defined
 ... done.


translating negated cond for predicate DECIDED
translating negated cond for predicate WITHIN
translating negated cond for predicate USED

ff: search configuration is Enforced Hill-Climbing, then A*epsilon with weight 5.
Metric is ((1000000.00*[RF2](N-SKIPPED)1000.00*[RF1](N-USED)1.00*[RF0](WASTE)) - () + 0.00)
COST MINIMIZATION DONE (WITH cost-minimizing relaxed plans).

Cueing down from goal distance:   30 into depth [1]
                                  29            [1]
                                  28            [1]
                                  27            [1]
                                  26            [1]
                                  25            [1]
                                  24            [1]
                                  23            [1]
                                  22            [1]
                                  21            [1]
                                  20            [1]
                                  19            [1]
                                  18            [1]
                                  17            [1]
                                  16            [1]
                                  15            [1]
                                  14            [1]
                                  13            [1]
                                  12            [1]
                                  11            [1]
                                  10            [1]
                                   9            [1]
                                   8            [1]
                                   7            [1]
                                   6            [1]
                                   5            [1]
                                   4            [1]
                                   3            [1]
                                   2            [1]
                                   1            [1]
                                   0            

ff: found legal plan as follows
step    0: ASSIGN-ROOM-NEW R30 RM7
        1: ASSIGN-ROOM-EXISTING R29 RM7
        2: ASSIGN-ROOM-NEW R28 RM10
        3: ASSIGN-ROOM-EXISTING R27 RM7
        4: ASSIGN-ROOM-EXISTING R26 RM7
        5: ASSIGN-ROOM-NEW R25 RM8
        6: ASSIGN-ROOM-EXISTING R24 RM10
        7: ASSIGN-ROOM-EXISTING R23 RM8
        8: ASSIGN-ROOM-NEW R22 RM4
        9: ASSIGN-ROOM-NEW R21 RM9
       10: ASSIGN-ROOM-NEW R20 RM3
       11: SKIP R19
       12: SKIP R18
       13: SKIP R17
       14: ASSIGN-ROOM-EXISTING R16 RM8
       15: ASSIGN-ROOM-EXISTING R15 RM4
       16: ASSIGN-ROOM-EXISTING R14 RM4
       17: ASSIGN-ROOM-EXISTING R13 RM10
       18: SKIP R12
       19: SKIP R11
       20: SKIP R10
       21: SKIP R9
       22: ASSIGN-ROOM-EXISTING R8 RM3
       23: ASSIGN-ROOM-EXISTING R7 RM9
       24: ASSIGN-ROOM-EXISTING R6 RM10
       25: ASSIGN-ROOM-EXISTING R5 RM7
       26: ASSIGN-ROOM-NEW R4 RM2
       27: ASSIGN-ROOM-EXISTING R3 RM3
       28: SKIP R2
       29: SKIP R1
plan cost: 9007016.000000

time spent:    0.00 seconds instantiating 30 easy, 320 hard action templates
               0.00 seconds reachability analysis, yielding 600 facts and 350 actions
               0.00 seconds creating final representation with 582 relevant facts, 3 relevant fluents
               0.00 seconds computing LNF
               0.00 seconds building connectivity graph
               0.03 seconds searching, evaluating 31 states, to a max depth of 1
               0.03 seconds total time

